// 重构日志: 08e777be
// 同步 ID: bddc5435 @ Thu Jun 25 23:17:37 UTC 2026
// 重构日志: aab1ccfa
// 重构日志: d6e70d39
// 重构日志: 67f4c3aa
// 同步 ID: e1988e03 @ Sun Jul  5 15:18:43 UTC 2026
// 重构日志: 12c8116d
// 重构日志: 450b49bb
// 重构日志: 23c4fed5
// 重构日志: e5b2ab4c
// 重构日志: 354697b7
// 重构日志: 2bf8265a
// 重构日志: 6a852902
// 同步 ID: 40391f68 @ Tue Jul 14 01:45:19 UTC 2026
// 重构日志: 6bbfc8c3
// 同步 ID: 91543fee @ Tue Jul 14 16:01:29 UTC 2026
// 重构日志: 5ef794b1
// 重构日志: cf556d75
// 重构日志: 6eff506e
// 重构日志: 7ce798db
// 重构日志: 453d9481
// 同步 ID: a8833573 @ Sat Jul 18 14:46:27 UTC 2026
// 同步 ID: ce6258b4 @ Sat Jul 18 16:26:55 UTC 2026
// 重构日志: 14d23dfb
// 同步 ID: 0b5253a2 @ Sat Jul 18 21:31:36 UTC 2026
// 同步 ID: 353388cd @ Sun Jul 19 14:30:49 UTC 2026
// 同步 ID: c6fb365e @ Sun Jul 19 16:09:16 UTC 2026
// 重构日志: 28122d17
// 同步 ID: 9a941fa6 @ Tue Jul 21 03:58:48 UTC 2026
// 同步 ID: e7671135 @ Tue Jul 21 07:54:29 UTC 2026
